<?xml version="1.0" encoding="UTF-8"?>
<!-- Generated by org.testng.reporters.JUnitReportReporter -->
<testsuite hostname="Udara" failures="0" tests="1" name="com.syntheticugc.tests.LipSyncTest" time="199.978" errors="0" timestamp="2025-05-07T00:14:34 IST" skipped="0">
  <testcase classname="com.syntheticugc.tests.LipSyncTest" name="testLipSyncFunctionality" time="199.978"/>
</testsuite> <!-- com.syntheticugc.tests.LipSyncTest -->
