<?xml version="1.0" encoding="UTF-8"?>
<!-- Generated by org.testng.reporters.JUnitReportReporter -->
<testsuite hostname="Udara" failures="0" tests="1" name="com.syntheticugc.tests.LipSyncTest" time="245.754" errors="0" timestamp="2025-05-05T17:23:12 IST" skipped="0">
  <testcase classname="com.syntheticugc.tests.LipSyncTest" name="testLipSyncFunctionality" time="245.754"/>
</testsuite> <!-- com.syntheticugc.tests.LipSyncTest -->
