<?xml version="1.0" encoding="UTF-8"?>
<!-- Generated by org.testng.reporters.JUnitReportReporter -->
<testsuite hostname="Udara" failures="0" tests="1" name="com.syntheticugc.tests.LoginTest" time="0.000" errors="0" timestamp="2025-05-06T12:26:12 IST" skipped="0">
  <testcase classname="com.syntheticugc.tests.LoginTest" name="verifyLoginSuccessful" time="0.000"/>
</testsuite> <!-- com.syntheticugc.tests.LoginTest -->
